1 4 5 6 9 10 11 14 15 16 17 18 20 21 22 23 24 26 27 30 31 32 33 34 37 38 39 40 41 42 45 48 49 50 51 52 55 56 57 58 59 60 61 62 66 67 68 69 70 71 72 73 74 75 79 80 81 82 83 84 85 88 89 90 94 95 96 97 98 99
1 31
4 5
5 6
5 67
9 10
10 11
10 40
14 15
15 16
16 17
17 18
18 23
20 21
20 60
21 22
22 23
23 24
26 71
26 27
30 31
31 32
32 84
32 33
33 72
34 60
37 38
38 39
39 40
40 41
41 82
41 42
42 51
45 90
48 49
49 50
50 51
50 90
51 52
55 56
56 57
57 58
58 59
59 60
60 61
61 62
61 72
66 67
67 68
68 69
69 70
70 71
71 72
72 73
72 99
73 74
74 75
79 80
80 81
81 82
82 83
83 84
84 85
88 89
89 90
94 95
95 96
96 97
97 98
98 99