0 15 26 27 17 19 3 6 34 36 4 10 37 38 39 5 40 41 42 43 44 7 46 48 8 49 50 51 9 52 53 54 55 56 57 11 58 59 60 64 14 68 69 23 70 71 72 73 76 77 21 80 84 87 89 90 22 91 92 93 94 95 96 97
0 26
0 27
15 72
15 70
15 71
26 36
27 43
27 57
17 76
17 77
19 84
3 34
3 36
6 44
6 43
34 94
4 39
4 37
4 38
10 57
10 56
10 55
37 53
38 58
38 72
5 40
5 42
5 41
40 58
41 90
44 97
7 46
7 48
46 84
48 69
48 60
8 50
8 49
8 51
50 56
51 73
9 52
9 54
9 53
52 55
11 60
11 59
11 58
58 93
59 64
14 69
14 68
23 94
23 96
23 95
72 87
77 80
21 89
21 90
80 95
22 92
22 93
22 91