3 4 7 11 12 15 13 17 21 23 24 26 27 29 30 28 31 34 35 33 38 39 36 40 37 41 42 43 45 46 47 48 49 50 51 53 54 52 56 57 55 58 61 62 59 60 66 63 67 69 70 72 73 75 78 79 82 86 87 90 91 88 92 95 96
3 7
4 7
7 12
7 11
11 15
12 13
12 17
17 21
21 24
23 26
24 27
26 30
27 30
29 30
30 35
30 34
30 31
28 31
34 38
34 33
34 39
35 36
35 40
39 42
36 41
40 45
37 41
42 46
43 46
45 47
46 48
47 49
48 50
50 53
51 54
53 57
54 57
54 55
52 56
56 57
57 62
57 58
57 61
61 60
61 66
62 63
62 67
59 60
66 70
67 72
69 70
69 73
73 75
75 78
78 82
79 82
82 86
82 87
86 90
86 91
87 88
87 92
91 95
92 96