0 19 24 25 26 27 1 20 28 30 2 7 31 32 33 3 34 35 36 4 37 38 39 5 40 41 42 6 44 47 48 21 12 15 61 62 16 67 70 18 74 17 23 76 78 22 80 81 82 83 84 86 87 90 91 93 94 95 96 98 99
0 26
0 27
0 25
19 83
19 82
19 84
24 99
24 98
26 42
27 86
1 30
1 28
20 86
20 87
28 38
2 31
2 33
2 32
7 47
7 48
31 35
31 44
3 36
3 35
3 34
35 95
36 39
4 37
4 38
37 39
5 40
5 41
5 42
40 61
41 67
42 81
6 44
48 91
21 90
12 62
12 61
15 70
16 74
70 74
18 80
18 81
74 80
17 78
17 76
23 96
23 95
23 94
76 84
78 90
22 91
22 93
82 94
83 98
87 95
93 99