0 10 22 25 27 1 11 17 28 30 2 31 33 16 20 13 5 24 40 42 7 18 46 48 8 50 55 56 57 19 58 12 62 63 64 65 66 14 23 68 69 73 74 75 77 80 82 83 84 85 86 87 92 94 95 96 97 98 99
0 25
0 27
10 55
10 56
10 57
22 92
25 73
27 97
1 30
1 28
11 58
17 77
28 56
30 58
2 31
2 33
31 77
33 65
16 73
16 74
20 87
20 85
20 86
13 65
13 64
13 66
5 40
5 42
24 97
24 99
40 50
42 99
7 48
7 46
18 80
48 57
8 50
55 94
57 65
19 84
19 83
19 82
12 63
12 62
62 92
62 96
66 74
14 69
14 68
23 94
23 95
23 96
68 82
75 95
80 98
84 96
86 96
87 98