0 32 34 38 36 68 69 70 71 74 75 77 78 79 81 82 83 84 85 86 89 90 91 93 94 95 96 97 98 99 1 30 2 67 43 4 37 5 39 7 20 55 12 28 15 59 22 18 57 26 25 54 44 31 33 42 51 40 64 65 52 58
0 85
0 36
0 99
0 90
0 78
0 83
0 86
0 75
0 74
0 84
0 95
0 38
0 70
0 96
0 97
0 91
0 69
0 34
0 71
0 82
0 79
0 68
0 81
0 32
0 98
0 94
0 77
32 89
38 64
38 65
38 7
38 25
36 31
36 93
36 51
36 18
68 1
69 2
70 5
82 20
84 22
86 26
96 40
98 42
1 30
30 44
2 67
67 33
43 51
4 37
37 28
37 40
5 39
39 55
12 28
28 54
15 59
59 57
22 57
57 52
64 58