0 11 25 26 27 9 12 23 24 4 6 37 38 5 20 40 41 42 43 44 7 47 48 14 19 53 16 56 58 59 60 17 61 62 63 13 64 65 66 69 15 70 72 73 74 75 76 77 78 18 80 81 82 83 84 85 86 87 88 92 94 95 97 98 99
0 27
0 26
0 25
11 59
11 58
11 60
25 78
26 83
27 65
27 98
9 53
12 62
12 61
23 95
23 94
24 98
24 97
4 37
4 38
6 44
6 43
38 97
5 41
5 42
5 40
20 86
20 85
20 87
40 82
40 75
41 63
43 66
44 56
7 48
7 47
47 53
47 99
48 61
14 69
19 84
19 82
19 83
16 73
16 75
16 74
56 80
58 72
59 78
17 77
17 78
17 76
61 63
62 95
13 65
13 64
13 66
69 70
15 72
15 70
75 86
18 81
18 80
88 95
92 99