0 9 18 25 26 1 8 20 28 29 30 24 31 4 34 36 12 23 37 38 39 15 6 14 43 45 7 46 48 17 49 50 51 52 53 10 21 55 56 57 59 13 61 63 64 65 67 69 70 71 72 76 77 78 79 80 81 85 86 87 88 89 94 95 96 97 98 99
0 26
0 25
9 53
9 52
18 79
18 81
18 80
25 59
26 56
1 30
1 29
1 28
8 51
8 49
8 50
20 87
20 85
20 86
28 76
24 97
24 99
24 98
31 36
31 87
4 39
4 38
4 37
34 55
34 36
12 63
12 61
23 95
23 94
23 96
38 71
15 72
15 70
15 71
6 43
6 45
14 67
43 88
7 46
46 57
48 57
48 76
17 76
17 77
17 78
49 97
50 71
51 78
53 70
53 64
10 56
10 57
10 55
21 88
21 89
13 64
13 65
61 85
67 69
69 98
70 94
72 81
80 89