7 3 2 9 14 13 20 8 16 17 10 15 33 24 21 22 37 23 27 28 29 54 26 61 57 30 44 58 80 35 34 40 38 36 48 41 42 45 46 47 49 82 53 56 63 62 59 74 60 64 69 72 65 66 88 67 71 68 90 97 76 79 84 77 86 93 78 87 81
7 8
3 14
2 9
9 17
14 24
13 10
20 23
20 27
8 16
16 21
16 37
17 21
10 15
15 22
33 37
24 23
21 28
21 29
22 28
27 26
27 61
28 57
54 63
61 60
57 58
57 56
30 58
30 44
44 42
58 59
58 74
80 72
80 78
35 38
35 34
34 40
40 41
40 36
40 42
38 48
48 47
48 49
41 45
42 46
47 82
82 81
53 56
56 62
63 65
59 60
74 79
74 71
60 72
60 64
60 69
64 88
64 66
69 68
69 90
72 76
65 67
67 71
90 97
76 77
84 81
77 93
77 86
78 87