14 19 21 7 1 22 28 29 30 2 4 31 32 33 3 36 6 5 37 38 13 24 40 41 42 43 44 46 47 48 8 16 49 50 51 9 15 23 52 53 10 56 57 11 58 59 60 64 65 67 68 69 70 73 74 75 17 76 77 78 82 83 88 89 91 92 93 95 98
14 67
14 69
14 68
19 83
19 82
21 88
21 89
7 48
7 47
7 46
1 29
1 28
1 30
22 93
22 92
22 91
29 93
29 73
30 47
2 31
2 32
2 33
4 38
4 37
31 78
31 50
33 69
3 36
36 95
6 44
6 43
5 42
5 41
5 40
37 83
38 52
38 98
13 64
13 65
24 98
40 47
43 65
44 59
46 78
47 57
8 51
8 49
8 50
16 74
16 75
16 73
9 53
9 52
15 70
23 95
53 75
10 57
10 56
11 58
11 60
11 59
58 95
65 67
70 77
17 77
17 78
17 76
77 88