0 19 12 25 26 1 20 15 29 30 21 9 3 34 35 36 13 16 24 18 11 52 53 54 10 23 55 57 58 59 60 61 62 63 64 65 66 69 71 72 73 74 75 22 77 79 83 84 85 86 88 89 90 91 92 94 96 97 98 99
0 26
0 25
19 83
19 84
12 62
12 63
12 61
25 74
25 57
26 94
1 30
1 29
20 85
20 86
15 72
15 71
29 54
30 58
21 88
21 90
21 89
9 54
9 52
9 53
3 35
3 34
3 36
35 86
36 61
36 73
13 66
13 64
13 65
16 75
16 74
16 73
24 97
24 98
24 99
18 79
11 59
11 58
11 60
10 57
10 55
23 96
23 94
59 66
60 99
62 90
66 69
71 77
72 75
74 92
22 92
22 91
77 79
83 99
90 99