0 1 2 5 6 7 8 9 10 11 12 13 14 17 18 19 20 21 22 23 24 25 26 27 28 29 30 31 32 33 34 35 36 37 39 40 41 42 45 60 61 62 63 64 65 66 67 68 69 70 72 73 74 75 80 79 76 81 82 92 93 94 95 90 83 85 86 87 88 89 59 58 57 56 46 47 48 49 50 51 52 53 54 55
0 45
0 1
0 59
1 2
5 6
6 7
7 8
8 9
9 10
10 11
11 12
12 68
12 13
13 14
17 18
18 19
19 20
20 21
21 22
22 23
23 24
24 25
25 75
25 26
26 27
27 28
28 29
29 30
30 31
31 32
32 33
33 34
34 35
35 36
35 60
36 37
37 85
39 83
39 40
40 90
40 41
41 42
60 61
61 62
61 80
62 63
63 64
64 65
64 69
65 66
66 67
67 68
69 70
70 81
72 76
72 73
73 74
74 75
80 79
81 82
82 92
92 94
93 94
93 95
83 86
85 89
86 59
87 58
88 57
89 56
59 50
58 54
57 48
56 50
56 54
46 55
47 54
47 51
48 50
48 49
50 53
52 55
53 55