23 20 2 16 31 32 33 3 7 36 4 10 8 37 38 39 17 6 44 45 46 47 48 12 24 49 50 51 55 56 61 62 63 21 14 15 22 67 68 69 70 72 73 74 75 76 77 78 18 79 81 19 82 85 86 88 89 92 93 94 95 96 97 98 99
23 96
23 95
23 94
20 86
20 85
2 32
2 31
2 33
16 74
16 73
16 75
31 82
32 61
33 69
3 36
7 48
7 46
7 47
36 77
4 38
4 39
4 37
10 56
8 50
8 51
8 49
37 86
38 88
39 62
17 76
17 77
17 78
6 44
6 45
44 78
45 93
47 51
48 98
12 63
24 99
24 98
24 97
51 77
55 95
56 92
62 97
62 94
62 73
63 95
21 89
21 88
14 67
14 69
14 68
15 70
15 72
22 93
22 92
68 96
70 95
18 79
18 81
81 96
19 82