5 21 23 26 27 8 15 30 2 3 13 33 34 35 36 14 37 39 40 42 43 7 46 22 49 50 51 54 10 18 55 56 59 62 64 66 67 69 20 24 70 74 77 79 80 81 83 85 86 87 88 89 90 91 92 94 95 97 98 99
5 42
5 40
21 88
21 89
21 7
21 90
23 14
23 95
26 27
27 49
27 87
27 37
27 97
8 50
8 49
8 51
15 24
30 36
30 33
2 3
3 36
13 22
33 51
34 70
35 97
14 67
37 59
39 66
39 69
40 55
42 80
43 88
46 51
22 91
22 92
49 54
49 64
10 18
10 56
18 80
56 91
59 79
62 91
66 80
20 87
20 86
20 85
24 98
24 99
24 97
70 86
70 94
74 98
77 85
81 87
83 98
86 92
88 99
95 99