0 1 15 25 26 27 28 29 2 13 4 31 32 23 24 37 38 39 21 8 9 19 7 46 47 49 52 53 54 10 20 55 56 11 58 59 60 61 64 65 66 14 67 68 69 22 70 72 17 76 77 78 18 79 80 81 82 84 85 86 87 89 90 91 92 93 94 97 98 99
0 27
0 25
0 26
1 28
1 29
15 70
15 72
26 55
28 32
29 68
29 85
2 31
2 32
13 64
13 66
13 65
4 38
4 37
4 39
31 49
23 94
24 99
24 98
24 97
37 54
21 90
8 49
9 52
9 54
9 53
19 84
19 82
7 46
7 47
47 78
53 86
53 58
10 56
10 55
20 85
20 86
20 87
55 58
11 60
11 59
11 58
59 65
61 67
64 89
14 68
14 67
14 69
67 82
22 91
22 92
22 93
70 76
72 89
17 76
17 78
17 77
18 79
18 80
18 81
79 85
84 90
85 97
90 92
93 94