1 4 5 6 7 8 9 10 11 12 13 14 15 16 17 18 26 27 24 25 30 31 32 28 29 19 20 21 22 23 34 35 36 37 38 87 88 89 90 41 42 47 48 49 50 53 54 59 60 45 46 61 64 65 69 72 67 68 75 76 78 82 84 93 94 95 83 96 98 99
1 99
4 90
4 20
5 6
6 7
6 78
7 8
8 98
8 9
9 10
10 28
10 11
11 12
12 13
13 14
14 15
15 16
16 17
18 19
26 27
26 25
27 28
24 23
30 29
30 31
31 48
31 32
31 60
32 54
28 29
28 23
29 76
19 20
20 21
21 22
22 23
23 96
34 45
34 35
35 36
36 37
37 38
87 88
88 89
89 84
89 90
41 42
42 76
47 46
47 48
48 49
49 50
53 54
59 60
60 61
45 46
45 65
64 65
69 72
69 68
67 76
68 96
75 76
82 83
84 83
93 94
94 95
95 96
98 99