0 1 2 3 10 12 13 4 11 5 6 7 8 9 14 15 28 18 20 21 17 16 44 22 23 24 27 25 29 30 36 31 32 33 34 35 37 38 39 50 41 48 51 56 49 57 72 52 55 61 60 71 70 63 66 67 86 73 74 77 76 82 87 78 79 80 81 85 89 88
0 3
0 2
0 1
1 12
2 13
3 11
3 4
10 5
10 13
12 17
13 16
11 20
11 18
11 21
5 7
6 8
6 9
7 8
8 28
14 15
15 16
28 30
28 29
20 22
44 37
22 23
23 24
23 27
24 25
29 36
30 34
30 31
30 32
30 35
30 33
31 38
31 37
35 39
35 50
38 41
50 49
50 72
48 57
51 52
51 55
56 57
49 57
72 74
72 71
55 61
61 60
61 63
60 70
71 70
70 73
66 67
67 86
86 87
73 77
74 76
77 78
76 87
82 81
87 88
78 79
79 80
80 81
85 89
89 88