22 1 14 7 28 29 30 2 31 32 33 3 24 34 35 36 9 21 5 40 41 42 43 46 47 48 10 52 53 17 56 57 11 18 60 66 67 68 15 71 72 19 76 77 78 80 81 83 84 23 89 90 91 92 93 94 95 98 99
22 91
22 93
22 92
1 30
1 28
1 29
14 68
14 67
7 48
7 47
7 46
28 60
29 42
29 47
2 33
2 32
2 31
31 36
31 43
32 72
33 66
3 34
3 35
3 36
24 98
24 99
35 53
35 83
9 52
9 53
21 90
21 89
5 42
5 40
5 41
40 93
41 71
47 76
10 57
10 56
17 76
17 77
17 78
56 95
11 60
18 81
18 80
67 91
15 71
15 72
19 83
19 84
80 90
84 89
23 94
23 95
93 99
94 99