0 1 2 9 10 11 12 15 16 17 18 19 20 23 24 26 25 27 29 30 31 32 34 35 39 40 41 42 44 47 48 49 50 52 53 54 55 56 59 60 62 63 64 65 66 67 68 69 70 72 73 74 75 78 79 80 81 82 83 86 87 91 92 95 96 97 98 99
0 1
1 2
2 9
9 10
10 11
11 12
12 17
15 24
15 16
16 17
17 18
18 19
18 49
19 20
23 24
26 25
26 27
25 29
25 30
27 34
30 39
30 31
31 48
31 32
34 35
35 44
39 40
40 41
40 74
41 42
47 48
48 49
50 55
52 59
52 53
53 54
54 63
55 64
55 56
56 73
60 69
62 67
62 63
63 64
64 65
65 99
66 67
67 68
68 69
69 70
72 73
73 74
75 80
75 79
78 86
78 79
80 81
81 82
81 98
82 83
86 87
87 92
91 92
95 96
96 97
97 98
98 99