0 21 25 27 1 6 28 29 2 20 31 32 3 10 34 35 36 4 13 38 39 8 42 43 44 45 48 49 50 51 12 55 56 57 62 22 23 64 65 66 24 67 18 19 79 80 81 82 83 84 85 87 88 89 90 91 92 93 95 96 98 99
0 27
0 25
21 89
21 88
21 90
25 89
27 32
1 28
1 29
6 43
6 45
6 44
28 48
28 39
29 96
2 32
2 31
20 85
20 87
3 36
3 35
3 34
10 55
10 57
35 81
36 39
4 38
4 39
13 66
13 64
13 65
8 49
8 50
8 51
42 65
42 62
44 82
45 56
49 67
50 80
12 62
55 93
56 93
22 91
22 93
22 92
23 96
23 95
64 79
24 99
24 98
18 81
18 80
18 79
19 82
19 84
81 91
83 99
83 88
85 95
90 93