14 25 4 2 3 32 33 12 34 35 36 23 37 38 39 17 6 19 45 7 11 20 47 48 16 9 21 53 54 58 59 60 61 62 63 64 67 68 69 70 18 24 73 74 76 78 80 81 82 83 84 86 88 89 90 22 92 93 94 96 97 98 99
14 68
14 67
14 69
25 76
25 45
4 39
4 38
4 37
2 33
2 32
3 36
3 34
3 35
32 81
32 64
33 47
12 62
12 63
12 61
34 59
35 82
36 38
36 69
23 94
23 96
39 47
17 76
17 78
6 45
19 82
19 83
19 84
7 47
7 48
11 59
11 58
11 60
20 86
48 53
16 74
16 73
9 53
9 54
21 89
21 90
21 88
54 92
62 74
63 68
70 96
18 80
18 81
24 98
24 97
24 99
73 94
78 83
83 99
86 90
88 97
22 92
22 93