0 1 2 3 4 5 6 7 9 10 11 12 13 14 15 16 17 18 19 20 21 22 23 24 25 26 27 28 29 30 31 32 33 34 35 36 43 44 45 47 51 52 53 54 56 57 59 61 62 63 69 70 71 72 73 75 80 81 82 85 95
0 34
0 33
0 7
0 23
0 18
1 35
1 22
1 15
1 27
2 5
3 27
4 13
4 22
4 20
5 44
5 19
5 43
6 45
6 30
7 47
9 51
9 52
9 25
10 14
10 53
10 54
11 56
11 16
12 57
12 19
12 15
14 62
14 26
14 18
14 61
14 31
15 63
15 29
17 21
18 70
18 69
19 71
19 72
19 24
20 73
21 75
23 80
24 82
24 28
24 25
24 81
26 85
26 32
31 95
34 36
45 47
54 56
57 59
69 71
73 75