0 2 3 4 5 7 8 9 10 11 13 14 15 17 18 19 20 21 22 23 24 25 26 27 28 29 31 32 33 34 41 43 44 47 48 49 51 54 56 59 60 61 62 64 67 68 70 72 73 77 78 79 80 81 82 83 85 86 88 89 90 92 95 96 97 98
0 33
0 34
0 23
2 14
3 9
4 31
4 5
4 21
5 43
5 29
5 44
7 48
7 47
7 27
8 49
9 51
9 31
10 54
10 28
11 56
11 19
13 59
13 60
13 27
14 61
14 62
14 32
15 25
15 64
17 68
17 67
17 20
18 70
19 72
20 25
20 73
22 32
22 25
22 78
22 77
23 32
23 80
24 81
24 25
24 82
25 83
25 29
26 86
26 32
26 85
27 88
28 89
28 29
29 92
31 96
31 95
32 97
32 98
41 43
49 51
54 56
70 72
77 79
86 88
90 92