0 14 25 27 1 3 28 16 34 35 36 4 10 37 39 20 6 15 43 44 45 7 9 47 8 18 49 50 51 52 24 55 56 57 11 59 62 13 22 64 68 69 70 71 72 73 74 75 79 80 81 86 87 21 89 90 91 92 93 96 97 98 99
0 25
0 27
14 69
14 68
25 39
27 52
1 28
3 36
3 34
3 35
28 34
16 74
16 75
16 73
36 45
36 64
4 37
4 39
10 56
10 57
10 55
37 74
20 86
20 87
6 44
6 45
6 43
15 70
15 71
15 72
43 93
44 73
45 97
7 47
9 52
47 71
8 49
8 50
8 51
18 81
18 79
18 80
49 89
50 81
51 96
24 99
24 97
56 80
57 62
11 59
59 86
13 64
22 92
22 93
22 91
68 86
71 81
81 99
87 91
21 89
21 90
93 98