1 10 11 22 20 12 21 3 13 23 33 32 31 30 14 24 34 43 42 44 94 95 49 59 5 52 75 47 57 25 54 55 7 6 19 29 27 17 16 15 28 38 48 26 36 37 98 99 89 77 79 69 68 66 85 65 56 58 91 92 70 72 93 60 71 63 53
1 11
10 11
11 22
22 32
22 21
22 23
20 30
20 21
12 13
21 31
3 13
13 14
23 24
33 43
33 34
14 24
24 34
24 25
34 44
43 42
42 52
44 54
94 95
94 93
95 85
49 48
59 58
5 6
75 85
75 65
47 57
47 48
47 37
57 58
57 56
25 15
25 26
54 53
55 56
55 65
7 17
6 16
19 29
29 28
29 27
27 37
27 26
27 36
17 16
16 15
38 48
98 99
99 89
89 79
77 66
79 69
69 68
68 58
66 65
91 92
92 93
70 60
70 71
72 63
72 71
63 53